<?xml version="1.0" encoding="UTF-8"?>
<testng-results ignored="0" total="1" passed="1" failed="0" skipped="0">
  <reporter-output>
  </reporter-output>
  <suite started-at="2023-08-23T21:24:44 IST" name="Default suite" finished-at="2023-08-23T21:24:46 IST" duration-ms="2072">
    <groups>
    </groups>
    <test started-at="2023-08-23T21:24:44 IST" name="Default test" finished-at="2023-08-23T21:24:46 IST" duration-ms="2072">
      <class name="examples.DemoTest">
        <test-method signature="f()[pri:0, instance:examples.DemoTest@4d9e68d0]" started-at="2023-08-23T21:24:44 IST" name="f" finished-at="2023-08-23T21:24:46 IST" duration-ms="2005" status="PASS">
          <reporter-output>
          </reporter-output>
        </test-method> <!-- f -->
      </class> <!-- examples.DemoTest -->
    </test> <!-- Default test -->
  </suite> <!-- Default suite -->
</testng-results>
